2023-08-11 12:07:18 [scrapy] DEBUG: Crawled (200) <GET https://store.steampowered.com/robots.txt> (referer: None)
2023-08-11 12:07:18 [scrapy] DEBUG: Crawled (200) <GET https://store.steampowered.com/search/?filter=topsellers> (referer: None)
2023-08-11 12:07:18 [scrapy] ERROR: Spider error processing <GET https://store.steampowered.com/search/?filter=topsellers> (referer: None)
Traceback (most recent call last):
  File "C:\Users\thiba\anaconda3\envs\web_scrapp2_0\lib\site-packages\scrapy\utils\defer.py", line 260, in iter_errback
    yield next(it)
  File "C:\Users\thiba\anaconda3\envs\web_scrapp2_0\lib\site-packages\scrapy\utils\python.py", line 336, in __next__
    return next(self.data)
  File "C:\Users\thiba\anaconda3\envs\web_scrapp2_0\lib\site-packages\scrapy\utils\python.py", line 336, in __next__
    return next(self.data)
  File "C:\Users\thiba\anaconda3\envs\web_scrapp2_0\lib\site-packages\scrapy\core\spidermw.py", line 106, in process_sync
    for r in iterable:
  File "C:\Users\thiba\anaconda3\envs\web_scrapp2_0\lib\site-packages\scrapy\spidermiddlewares\offsite.py", line 28, in <genexpr>
    return (r for r in result or () if self._filter(r, spider))
  File "C:\Users\thiba\anaconda3\envs\web_scrapp2_0\lib\site-packages\scrapy\core\spidermw.py", line 106, in process_sync
    for r in iterable:
  File "C:\Users\thiba\anaconda3\envs\web_scrapp2_0\lib\site-packages\scrapy\spidermiddlewares\referer.py", line 352, in <genexpr>
    return (self._set_referer(r, response) for r in result or ())
  File "C:\Users\thiba\anaconda3\envs\web_scrapp2_0\lib\site-packages\scrapy\core\spidermw.py", line 106, in process_sync
    for r in iterable:
  File "C:\Users\thiba\anaconda3\envs\web_scrapp2_0\lib\site-packages\scrapy\spidermiddlewares\urllength.py", line 27, in <genexpr>
    return (r for r in result or () if self._filter(r, spider))
  File "C:\Users\thiba\anaconda3\envs\web_scrapp2_0\lib\site-packages\scrapy\core\spidermw.py", line 106, in process_sync
    for r in iterable:
  File "C:\Users\thiba\anaconda3\envs\web_scrapp2_0\lib\site-packages\scrapy\spidermiddlewares\depth.py", line 31, in <genexpr>
    return (r for r in result or () if self._filter(r, response, spider))
  File "C:\Users\thiba\anaconda3\envs\web_scrapp2_0\lib\site-packages\scrapy\core\spidermw.py", line 106, in process_sync
    for r in iterable:
  File "D:\saas-builder\python\steam_scrapping\steam\steam\spiders\best_selling.py", line 27, in parse
    resp = json.loads(response.body)
  File "C:\Users\thiba\anaconda3\envs\web_scrapp2_0\lib\json\__init__.py", line 348, in loads
    return _default_decoder.decode(s)
  File "C:\Users\thiba\anaconda3\envs\web_scrapp2_0\lib\json\decoder.py", line 337, in decode
    obj, end = self.raw_decode(s, idx=_w(s, 0).end())
  File "C:\Users\thiba\anaconda3\envs\web_scrapp2_0\lib\json\decoder.py", line 355, in raw_decode
    raise JSONDecodeError("Expecting value", s, err.value) from None
json.decoder.JSONDecodeError: Expecting value: line 1 column 1 (char 0)
2023-08-11 12:07:18 [scrapy] INFO: Closing spider (finished)
2023-08-11 12:07:18 [scrapy] INFO: Dumping Scrapy stats:
{'downloader/request_bytes': 479,
 'downloader/request_count': 2,
 'downloader/request_method_count/GET': 2,
 'downloader/response_bytes': 44949,
 'downloader/response_count': 2,
 'downloader/response_status_count/200': 2,
 'elapsed_time_seconds': 0.679625,
 'finish_reason': 'finished',
 'finish_time': datetime.datetime(2023, 8, 11, 10, 7, 18, 792574),
 'httpcompression/response_bytes': 720442,
 'httpcompression/response_count': 1,
 'log_count/DEBUG': 3,
 'log_count/ERROR': 1,
 'log_count/INFO': 7,
 'log_count/WARNING': 1,
 'response_received_count': 2,
 'robotstxt/request_count': 1,
 'robotstxt/response_count': 1,
 'robotstxt/response_status_count/200': 1,
 'scheduler/dequeued': 1,
 'scheduler/dequeued/memory': 1,
 'scheduler/enqueued': 1,
 'scheduler/enqueued/memory': 1,
 'spider_exceptions/JSONDecodeError': 1,
 'start_time': datetime.datetime(2023, 8, 11, 10, 7, 18, 112949)}
2023-08-11 12:07:18 [scrapy] INFO: Spider closed (finished)
